2026-03-03 01:17:04,139 INFO: ================================================================================ [in d:\pdf_video_summarization\video-pdf-summarization\server\utils\logger.py:55]
2026-03-03 01:17:04,140 INFO: Application started at 2026-03-02T19:47:04.140384 [in d:\pdf_video_summarization\video-pdf-summarization\server\utils\logger.py:56]
2026-03-03 01:17:04,141 INFO: Log level: INFO [in d:\pdf_video_summarization\video-pdf-summarization\server\utils\logger.py:57]
2026-03-03 01:17:04,141 INFO: Environment: Production [in d:\pdf_video_summarization\video-pdf-summarization\server\utils\logger.py:58]
2026-03-03 01:17:04,141 INFO: ================================================================================ [in d:\pdf_video_summarization\video-pdf-summarization\server\utils\logger.py:59]
2026-03-03 01:17:08,313 INFO: Rate limiting enabled: 10 per hour [in d:\pdf_video_summarization\video-pdf-summarization\server\server.py:44]
2026-03-03 01:17:14,897 INFO: ================================================================================ [in d:\pdf_video_summarization\video-pdf-summarization\server\utils\logger.py:55]
2026-03-03 01:17:14,898 INFO: Application started at 2026-03-02T19:47:14.898169 [in d:\pdf_video_summarization\video-pdf-summarization\server\utils\logger.py:56]
2026-03-03 01:17:14,898 INFO: Log level: INFO [in d:\pdf_video_summarization\video-pdf-summarization\server\utils\logger.py:57]
2026-03-03 01:17:14,899 INFO: Environment: Production [in d:\pdf_video_summarization\video-pdf-summarization\server\utils\logger.py:58]
2026-03-03 01:17:14,899 INFO: ================================================================================ [in d:\pdf_video_summarization\video-pdf-summarization\server\utils\logger.py:59]
2026-03-03 01:17:18,995 INFO: Rate limiting enabled: 10 per hour [in d:\pdf_video_summarization\video-pdf-summarization\server\server.py:44]
2026-03-03 17:17:25,022 INFO: ================================================================================ [in D:\pdf_video_summarization\video-pdf-summarization\server\utils\logger.py:55]
2026-03-03 17:17:25,024 INFO: Application started at 2026-03-03T11:47:25.024805 [in D:\pdf_video_summarization\video-pdf-summarization\server\utils\logger.py:56]
2026-03-03 17:17:25,025 INFO: Log level: INFO [in D:\pdf_video_summarization\video-pdf-summarization\server\utils\logger.py:57]
2026-03-03 17:17:25,025 INFO: Environment: Production [in D:\pdf_video_summarization\video-pdf-summarization\server\utils\logger.py:58]
2026-03-03 17:17:25,026 INFO: ================================================================================ [in D:\pdf_video_summarization\video-pdf-summarization\server\utils\logger.py:59]
2026-03-03 17:17:29,216 INFO: Rate limiting enabled: 10 per hour [in D:\pdf_video_summarization\video-pdf-summarization\server\server.py:44]
2026-03-03 17:17:41,675 INFO: ================================================================================ [in D:\pdf_video_summarization\video-pdf-summarization\server\utils\logger.py:55]
2026-03-03 17:17:41,676 INFO: Application started at 2026-03-03T11:47:41.676444 [in D:\pdf_video_summarization\video-pdf-summarization\server\utils\logger.py:56]
2026-03-03 17:17:41,677 INFO: Log level: INFO [in D:\pdf_video_summarization\video-pdf-summarization\server\utils\logger.py:57]
2026-03-03 17:17:41,677 INFO: Environment: Production [in D:\pdf_video_summarization\video-pdf-summarization\server\utils\logger.py:58]
2026-03-03 17:17:41,678 INFO: ================================================================================ [in D:\pdf_video_summarization\video-pdf-summarization\server\utils\logger.py:59]
2026-03-03 17:17:45,836 INFO: Rate limiting enabled: 10 per hour [in D:\pdf_video_summarization\video-pdf-summarization\server\server.py:44]
2026-03-03 17:45:06,374 INFO: ================================================================================ [in D:\pdf_video_summarization\video-pdf-summarization\server\utils\logger.py:55]
2026-03-03 17:45:06,375 INFO: Application started at 2026-03-03T12:15:06.375848 [in D:\pdf_video_summarization\video-pdf-summarization\server\utils\logger.py:56]
2026-03-03 17:45:06,376 INFO: Log level: INFO [in D:\pdf_video_summarization\video-pdf-summarization\server\utils\logger.py:57]
2026-03-03 17:45:06,376 INFO: Environment: Production [in D:\pdf_video_summarization\video-pdf-summarization\server\utils\logger.py:58]
2026-03-03 17:45:06,377 INFO: ================================================================================ [in D:\pdf_video_summarization\video-pdf-summarization\server\utils\logger.py:59]
2026-03-03 17:49:56,644 INFO: ================================================================================ [in D:\pdf_video_summarization\video-pdf-summarization\server\utils\logger.py:55]
2026-03-03 17:49:56,645 INFO: Application started at 2026-03-03T12:19:56.645219 [in D:\pdf_video_summarization\video-pdf-summarization\server\utils\logger.py:56]
2026-03-03 17:49:56,645 INFO: Log level: INFO [in D:\pdf_video_summarization\video-pdf-summarization\server\utils\logger.py:57]
2026-03-03 17:49:56,645 INFO: Environment: Production [in D:\pdf_video_summarization\video-pdf-summarization\server\utils\logger.py:58]
2026-03-03 17:49:56,646 INFO: ================================================================================ [in D:\pdf_video_summarization\video-pdf-summarization\server\utils\logger.py:59]
2026-03-03 17:55:27,936 INFO: ================================================================================ [in D:\pdf_video_summarization\video-pdf-summarization\server\utils\logger.py:55]
2026-03-03 17:55:27,938 INFO: Application started at 2026-03-03T12:25:27.938240 [in D:\pdf_video_summarization\video-pdf-summarization\server\utils\logger.py:56]
2026-03-03 17:55:27,938 INFO: Log level: INFO [in D:\pdf_video_summarization\video-pdf-summarization\server\utils\logger.py:57]
2026-03-03 17:55:27,939 INFO: Environment: Production [in D:\pdf_video_summarization\video-pdf-summarization\server\utils\logger.py:58]
2026-03-03 17:55:27,939 INFO: ================================================================================ [in D:\pdf_video_summarization\video-pdf-summarization\server\utils\logger.py:59]
2026-03-03 17:55:32,176 INFO: Rate limiting enabled: 10 per hour [in D:\pdf_video_summarization\video-pdf-summarization\server\server.py:37]
2026-03-03 17:55:47,127 INFO: ================================================================================ [in D:\pdf_video_summarization\video-pdf-summarization\server\utils\logger.py:55]
2026-03-03 17:55:47,128 INFO: Application started at 2026-03-03T12:25:47.128407 [in D:\pdf_video_summarization\video-pdf-summarization\server\utils\logger.py:56]
2026-03-03 17:55:47,129 INFO: Log level: INFO [in D:\pdf_video_summarization\video-pdf-summarization\server\utils\logger.py:57]
2026-03-03 17:55:47,129 INFO: Environment: Production [in D:\pdf_video_summarization\video-pdf-summarization\server\utils\logger.py:58]
2026-03-03 17:55:47,130 INFO: ================================================================================ [in D:\pdf_video_summarization\video-pdf-summarization\server\utils\logger.py:59]
2026-03-03 17:55:51,309 INFO: Rate limiting enabled: 10 per hour [in D:\pdf_video_summarization\video-pdf-summarization\server\server.py:37]
2026-03-03 18:02:47,065 INFO: ================================================================================ [in D:\pdf_video_summarization\video-pdf-summarization\server\utils\logger.py:55]
2026-03-03 18:02:47,065 INFO: Application started at 2026-03-03T12:32:47.065820 [in D:\pdf_video_summarization\video-pdf-summarization\server\utils\logger.py:56]
2026-03-03 18:02:47,066 INFO: Log level: INFO [in D:\pdf_video_summarization\video-pdf-summarization\server\utils\logger.py:57]
2026-03-03 18:02:47,066 INFO: Environment: Production [in D:\pdf_video_summarization\video-pdf-summarization\server\utils\logger.py:58]
2026-03-03 18:02:47,067 INFO: ================================================================================ [in D:\pdf_video_summarization\video-pdf-summarization\server\utils\logger.py:59]
2026-03-03 18:02:51,250 INFO: Rate limiting enabled: 10 per hour [in D:\pdf_video_summarization\video-pdf-summarization\server\server.py:37]
2026-03-03 18:02:58,509 INFO: ================================================================================ [in D:\pdf_video_summarization\video-pdf-summarization\server\utils\logger.py:55]
2026-03-03 18:02:58,510 INFO: Application started at 2026-03-03T12:32:58.510153 [in D:\pdf_video_summarization\video-pdf-summarization\server\utils\logger.py:56]
2026-03-03 18:02:58,510 INFO: Log level: INFO [in D:\pdf_video_summarization\video-pdf-summarization\server\utils\logger.py:57]
2026-03-03 18:02:58,510 INFO: Environment: Production [in D:\pdf_video_summarization\video-pdf-summarization\server\utils\logger.py:58]
2026-03-03 18:02:58,511 INFO: ================================================================================ [in D:\pdf_video_summarization\video-pdf-summarization\server\utils\logger.py:59]
